-------------------------------------------------------------------------------
Test set: PersonneTest
-------------------------------------------------------------------------------
Tests run: 4, Failures: 2, Errors: 0, Skipped: 0, Time elapsed: 0.086 s <<< FAILURE! -- in PersonneTest
PersonneTest.testConstructeurAvecNomEtIdentifiant -- Time elapsed: 0.013 s <<< FAILURE!
org.opentest4j.AssertionFailedError: expected: <Alice> but was: <Alice Bourjoin>
	at org.junit.jupiter.api.AssertionFailureBuilder.build(AssertionFailureBuilder.java:151)
	at org.junit.jupiter.api.AssertionFailureBuilder.buildAndThrow(AssertionFailureBuilder.java:132)
	at org.junit.jupiter.api.AssertEquals.failNotEqual(AssertEquals.java:197)
	at org.junit.jupiter.api.AssertEquals.assertEquals(AssertEquals.java:182)
	at org.junit.jupiter.api.AssertEquals.assertEquals(AssertEquals.java:177)
	at org.junit.jupiter.api.Assertions.assertEquals(Assertions.java:1145)
	at PersonneTest.testConstructeurAvecNomEtIdentifiant(PersonneTest.java:14)
	at java.base/java.lang.reflect.Method.invoke(Method.java:578)
	at java.base/java.util.ArrayList.forEach(ArrayList.java:1511)
	at java.base/java.util.ArrayList.forEach(ArrayList.java:1511)

PersonneTest.testConstructeurAvecTousLesAttributs -- Time elapsed: 0.004 s <<< FAILURE!
org.opentest4j.AssertionFailedError: expected: <01 23 45 67 89> but was: <06 78 44 99 20>
	at org.junit.jupiter.api.AssertionFailureBuilder.build(AssertionFailureBuilder.java:151)
	at org.junit.jupiter.api.AssertionFailureBuilder.buildAndThrow(AssertionFailureBuilder.java:132)
	at org.junit.jupiter.api.AssertEquals.failNotEqual(AssertEquals.java:197)
	at org.junit.jupiter.api.AssertEquals.assertEquals(AssertEquals.java:182)
	at org.junit.jupiter.api.AssertEquals.assertEquals(AssertEquals.java:177)
	at org.junit.jupiter.api.Assertions.assertEquals(Assertions.java:1145)
	at PersonneTest.testConstructeurAvecTousLesAttributs(PersonneTest.java:31)
	at java.base/java.lang.reflect.Method.invoke(Method.java:578)
	at java.base/java.util.ArrayList.forEach(ArrayList.java:1511)
	at java.base/java.util.ArrayList.forEach(ArrayList.java:1511)

