<?xml version="1.0" encoding="UTF-8"?>
<testsuite xmlns:xsi="http://www.w3.org/2001/XMLSchema-instance" xsi:noNamespaceSchemaLocation="https://maven.apache.org/surefire/maven-surefire-plugin/xsd/surefire-test-report-3.0.xsd" version="3.0" name="AeroportTest" time="0.047" tests="12" errors="0" skipped="0" failures="0">
  <properties>
[...]
</properties>
  <testcase name="testAfficherInfos" classname="AeroportTest" time="0.006"/>
  <testcase name="testGetVille" classname="AeroportTest" time="0.0"/>
  <testcase name="testChercherAeroport" classname="AeroportTest" time="0.0"/>
  <testcase name="testSetDescription" classname="AeroportTest" time="0.0"/>
  <testcase name="testAffecterVol" classname="AeroportTest" time="0.0"/>
  <testcase name="testSupprimerAeroport" classname="AeroportTest" time="0.0"/>
  <testcase name="testGetDescription" classname="AeroportTest" time="0.0"/>
  <testcase name="testGetNom" classname="AeroportTest" time="0.0"/>
  <testcase name="testAjouterAeroport" classname="AeroportTest" time="0.0"/>
  <testcase name="testModifierAeroport" classname="AeroportTest" time="0.0"/>
  <testcase name="testSetNom" classname="AeroportTest" time="0.0"/>
  <testcase name="testSetVille" classname="AeroportTest" time="0.0"/>
</testsuite>